<?xml version="1.0" encoding="UTF-8"?>
<testsuite name="com.navercorp.kotlinspring.config.JasyptConfigTest" tests="1" skipped="0" failures="0" errors="0" timestamp="2022-02-15T13:16:21" hostname="AL01764121.local" time="0.26">
  <properties/>
  <testcase name="encrypt()" classname="com.navercorp.kotlinspring.config.JasyptConfigTest" time="0.26"/>
  <system-out><![CDATA[22:16:19.844 [Test worker] DEBUG org.springframework.test.context.BootstrapUtils - Instantiating CacheAwareContextLoaderDelegate from class [org.springframework.test.context.cache.DefaultCacheAwareContextLoaderDelegate]
22:16:19.849 [Test worker] DEBUG org.springframework.test.context.BootstrapUtils - Instantiating BootstrapContext using constructor [public org.springframework.test.context.support.DefaultBootstrapContext(java.lang.Class,org.springframework.test.context.CacheAwareContextLoaderDelegate)]
22:16:19.864 [Test worker] DEBUG org.springframework.test.context.BootstrapUtils - Instantiating TestContextBootstrapper for test class [com.navercorp.kotlinspring.config.JasyptConfigTest] from class [org.springframework.boot.test.context.SpringBootTestContextBootstrapper]
22:16:19.871 [Test worker] INFO org.springframework.boot.test.context.SpringBootTestContextBootstrapper - Neither @ContextConfiguration nor @ContextHierarchy found for test class [com.navercorp.kotlinspring.config.JasyptConfigTest], using SpringBootContextLoader
22:16:19.873 [Test worker] DEBUG org.springframework.test.context.support.AbstractContextLoader - Did not detect default resource location for test class [com.navercorp.kotlinspring.config.JasyptConfigTest]: class path resource [com/navercorp/kotlinspring/config/JasyptConfigTest-context.xml] does not exist
22:16:19.873 [Test worker] DEBUG org.springframework.test.context.support.AbstractContextLoader - Did not detect default resource location for test class [com.navercorp.kotlinspring.config.JasyptConfigTest]: class path resource [com/navercorp/kotlinspring/config/JasyptConfigTestContext.groovy] does not exist
22:16:19.873 [Test worker] INFO org.springframework.test.context.support.AbstractContextLoader - Could not detect default resource locations for test class [com.navercorp.kotlinspring.config.JasyptConfigTest]: no resource found for suffixes {-context.xml, Context.groovy}.
22:16:19.899 [Test worker] DEBUG org.springframework.test.context.support.ActiveProfilesUtils - Could not find an 'annotation declaring class' for annotation type [org.springframework.test.context.ActiveProfiles] and class [com.navercorp.kotlinspring.config.JasyptConfigTest]
22:16:19.957 [Test worker] DEBUG org.springframework.boot.test.context.SpringBootTestContextBootstrapper - @TestExecutionListeners is not present for class [com.navercorp.kotlinspring.config.JasyptConfigTest]: using defaults.
22:16:19.958 [Test worker] INFO org.springframework.boot.test.context.SpringBootTestContextBootstrapper - Loaded default TestExecutionListener class names from location [META-INF/spring.factories]: [org.springframework.boot.test.autoconfigure.restdocs.RestDocsTestExecutionListener, org.springframework.boot.test.autoconfigure.web.client.MockRestServiceServerResetTestExecutionListener, org.springframework.boot.test.autoconfigure.web.servlet.MockMvcPrintOnlyOnFailureTestExecutionListener, org.springframework.boot.test.autoconfigure.web.servlet.WebDriverTestExecutionListener, org.springframework.boot.test.autoconfigure.webservices.client.MockWebServiceServerTestExecutionListener, org.springframework.boot.test.mock.mockito.MockitoTestExecutionListener, org.springframework.boot.test.mock.mockito.ResetMocksTestExecutionListener, org.springframework.test.context.web.ServletTestExecutionListener, org.springframework.test.context.support.DirtiesContextBeforeModesTestExecutionListener, org.springframework.test.context.event.ApplicationEventsTestExecutionListener, org.springframework.test.context.support.DependencyInjectionTestExecutionListener, org.springframework.test.context.support.DirtiesContextTestExecutionListener, org.springframework.test.context.transaction.TransactionalTestExecutionListener, org.springframework.test.context.jdbc.SqlScriptsTestExecutionListener, org.springframework.test.context.event.EventPublishingTestExecutionListener]
22:16:19.965 [Test worker] INFO org.springframework.boot.test.context.SpringBootTestContextBootstrapper - Using TestExecutionListeners: [org.springframework.test.context.web.ServletTestExecutionListener@1494b84d, org.springframework.test.context.support.DirtiesContextBeforeModesTestExecutionListener@34abdee4, org.springframework.test.context.event.ApplicationEventsTestExecutionListener@71a9b4c7, org.springframework.boot.test.mock.mockito.MockitoTestExecutionListener@4628b1d3, org.springframework.boot.test.autoconfigure.SpringBootDependencyInjectionTestExecutionListener@77cf3f8b, org.springframework.test.context.support.DirtiesContextTestExecutionListener@1df98368, org.springframework.test.context.transaction.TransactionalTestExecutionListener@21ca139c, org.springframework.test.context.jdbc.SqlScriptsTestExecutionListener@226f885f, org.springframework.test.context.event.EventPublishingTestExecutionListener@2cd2c8fe, org.springframework.boot.test.autoconfigure.restdocs.RestDocsTestExecutionListener@7d61eccf, org.springframework.boot.test.autoconfigure.web.client.MockRestServiceServerResetTestExecutionListener@cc6460c, org.springframework.boot.test.autoconfigure.web.servlet.MockMvcPrintOnlyOnFailureTestExecutionListener@52350abb, org.springframework.boot.test.autoconfigure.web.servlet.WebDriverTestExecutionListener@681aad3b, org.springframework.boot.test.autoconfigure.webservices.client.MockWebServiceServerTestExecutionListener@1a6f2363, org.springframework.boot.test.mock.mockito.ResetMocksTestExecutionListener@2427e004]
22:16:19.967 [Test worker] DEBUG org.springframework.test.context.support.AbstractDirtiesContextTestExecutionListener - Before test class: context [DefaultTestContext@4b4dd216 testClass = JasyptConfigTest, testInstance = [null], testMethod = [null], testException = [null], mergedContextConfiguration = [WebMergedContextConfiguration@5ca17ab0 testClass = JasyptConfigTest, locations = '{}', classes = '{class com.navercorp.kotlinspring.KotlinSpringApplication}', contextInitializerClasses = '[]', activeProfiles = '{}', propertySourceLocations = '{}', propertySourceProperties = '{org.springframework.boot.test.context.SpringBootTestContextBootstrapper=true}', contextCustomizers = set[org.springframework.boot.test.autoconfigure.actuate.metrics.MetricsExportContextCustomizerFactory$DisableMetricExportContextCustomizer@18025ced, org.springframework.boot.test.autoconfigure.properties.PropertyMappingContextCustomizer@0, org.springframework.boot.test.autoconfigure.web.servlet.WebDriverContextCustomizerFactory$Customizer@5c00384f, org.springframework.boot.test.context.filter.ExcludeFilterContextCustomizer@7b8233cd, org.springframework.boot.test.json.DuplicateJsonObjectContextCustomizerFactory$DuplicateJsonObjectContextCustomizer@6aecbb8d, org.springframework.boot.test.mock.mockito.MockitoContextCustomizer@0, org.springframework.boot.test.web.client.TestRestTemplateContextCustomizer@52045dbe, org.springframework.boot.test.context.SpringBootTestArgs@1, org.springframework.boot.test.context.SpringBootTestWebEnvironment@2c78324b], resourceBasePath = 'src/main/webapp', contextLoader = 'org.springframework.boot.test.context.SpringBootContextLoader', parent = [null]], attributes = map['org.springframework.test.context.web.ServletTestExecutionListener.activateListener' -> true]], class annotated with @DirtiesContext [false] with mode [null].

  .   ____          _            __ _ _
 /\\ / ___'_ __ _ _(_)_ __  __ _ \ \ \ \
( ( )\___ | '_ | '_| | '_ \/ _` | \ \ \ \
 \\/  ___)| |_)| | | | | || (_| |  ) ) ) )
  '  |____| .__|_| |_|_| |_\__, | / / / /
 =========|_|==============|___/=/_/_/_/
 :: Spring Boot ::                (v2.6.3)

2022-02-15 22:16:20.153  INFO 2574 --- [    Test worker] c.n.k.config.JasyptConfigTest            : Starting JasyptConfigTest using Java 11.0.13 on AL01764121.local with PID 2574 (started by user in /Users/user/git/kotlinSpring/module-api)
2022-02-15 22:16:20.154  INFO 2574 --- [    Test worker] c.n.k.config.JasyptConfigTest            : No active profile set, falling back to default profiles: default
2022-02-15 22:16:20.674  INFO 2574 --- [    Test worker] ptablePropertiesBeanFactoryPostProcessor : Post-processing PropertySource instances
2022-02-15 22:16:20.686  INFO 2574 --- [    Test worker] c.u.j.EncryptablePropertySourceConverter : Converting PropertySource configurationProperties [org.springframework.boot.context.properties.source.ConfigurationPropertySourcesPropertySource] to AOP Proxy
2022-02-15 22:16:20.687  INFO 2574 --- [    Test worker] c.u.j.EncryptablePropertySourceConverter : Converting PropertySource test [org.springframework.core.env.MapPropertySource] to EncryptableMapPropertySourceWrapper
2022-02-15 22:16:20.687  INFO 2574 --- [    Test worker] c.u.j.EncryptablePropertySourceConverter : Converting PropertySource Inlined Test Properties [org.springframework.core.env.MapPropertySource] to EncryptableMapPropertySourceWrapper
2022-02-15 22:16:20.687  INFO 2574 --- [    Test worker] c.u.j.EncryptablePropertySourceConverter : Converting PropertySource servletConfigInitParams [org.springframework.core.env.PropertySource$StubPropertySource] to EncryptablePropertySourceWrapper
2022-02-15 22:16:20.688  INFO 2574 --- [    Test worker] c.u.j.EncryptablePropertySourceConverter : Converting PropertySource servletContextInitParams [org.springframework.web.context.support.ServletContextPropertySource] to EncryptableEnumerablePropertySourceWrapper
2022-02-15 22:16:20.688  INFO 2574 --- [    Test worker] c.u.j.EncryptablePropertySourceConverter : Converting PropertySource systemProperties [org.springframework.core.env.PropertiesPropertySource] to EncryptableMapPropertySourceWrapper
2022-02-15 22:16:20.688  INFO 2574 --- [    Test worker] c.u.j.EncryptablePropertySourceConverter : Converting PropertySource systemEnvironment [org.springframework.boot.env.SystemEnvironmentPropertySourceEnvironmentPostProcessor$OriginAwareSystemEnvironmentPropertySource] to EncryptableSystemEnvironmentPropertySourceWrapper
2022-02-15 22:16:20.688  INFO 2574 --- [    Test worker] c.u.j.EncryptablePropertySourceConverter : Converting PropertySource random [org.springframework.boot.env.RandomValuePropertySource] to EncryptablePropertySourceWrapper
2022-02-15 22:16:20.688  INFO 2574 --- [    Test worker] c.u.j.EncryptablePropertySourceConverter : Converting PropertySource Config resource 'class path resource [application.properties]' via location 'optional:classpath:/' [org.springframework.boot.env.OriginTrackedMapPropertySource] to EncryptableMapPropertySourceWrapper
2022-02-15 22:16:20.706  INFO 2574 --- [    Test worker] c.u.j.filter.DefaultLazyPropertyFilter   : Property Filter custom Bean not found with name 'encryptablePropertyFilter'. Initializing Default Property Filter
2022-02-15 22:16:20.757  INFO 2574 --- [    Test worker] c.u.j.r.DefaultLazyPropertyResolver      : Property Resolver custom Bean not found with name 'encryptablePropertyResolver'. Initializing Default Property Resolver
2022-02-15 22:16:20.759  INFO 2574 --- [    Test worker] c.u.j.d.DefaultLazyPropertyDetector      : Property Detector custom Bean not found with name 'encryptablePropertyDetector'. Initializing Default Property Detector
2022-02-15 22:16:21.002  INFO 2574 --- [    Test worker] c.u.j.encryptor.DefaultLazyEncryptor     : Found Custom Encryptor Bean org.jasypt.encryption.pbe.PooledPBEStringEncryptor@7cff3f1d with name: jasyptEncryptor
2022-02-15 22:16:21.779  INFO 2574 --- [    Test worker] c.n.k.config.JasyptConfigTest            : Started JasyptConfigTest in 1.789 seconds (JVM running for 2.348)
ENC(MYrMehN8JaZKbAOB5eZ8snsQB+9hs9S56yZfcxVxxAk=)
]]></system-out>
  <system-err><![CDATA[]]></system-err>
</testsuite>
